0 info it worked if it ends with ok
1 verbose cli [ 'C:\\Program Files\\nodejs\\node.exe',
1 verbose cli   'C:\\Program Files\\nodejs\\node_modules\\npm\\bin\\npm-cli.js',
1 verbose cli   'start' ]
2 info using npm@3.7.5
3 info using node@v4.2.5
4 verbose run-script [ 'prestart', 'start', 'poststart' ]
5 info lifecycle showerify@0.0.1~prestart: showerify@0.0.1
6 silly lifecycle showerify@0.0.1~prestart: no script for prestart, continuing
7 info lifecycle showerify@0.0.1~start: showerify@0.0.1
8 verbose lifecycle showerify@0.0.1~start: unsafe-perm in lifecycle true
9 verbose lifecycle showerify@0.0.1~start: PATH: C:\Program Files\nodejs\node_modules\npm\bin\node-gyp-bin;R:\Documents\GitHub\showerify\node_modules\.bin;C:\Program Files\nodejs;R:\CMDer\bin;R:\CMDer\vendor\msysgit\bin;R:\CMDer\vendor\msysgit\mingw\bin;R:\CMDer\vendor\msysgit\cmd;R:\CMDer\vendor\msysgit\share\vim\vim74;R:\CMDer;R:\CMDer\vendor\conemu-maximus5\ConEmu\Scripts;R:\CMDer\vendor\conemu-maximus5;R:\CMDer\vendor\conemu-maximus5\ConEmu;C:\Program Files (x86)\NVIDIA Corporation\PhysX\Common;R:\EasyPHP\binaries\php\php_runningversion;C:\ProgramData\Oracle\Java\javapath;R:\CMDer\;R:\cygwin\;R:\Python34\Scripts;C:\Program Files\Common Files\Microsoft Shared\Windows Live;C:\Program Files (x86)\Common Files\Microsoft Shared\Windows Live;C:\Program Files (x86)\Intel\iCLS Client\;C:\Program Files\Intel\iCLS Client\;C:\WINDOWS\system32;C:\WINDOWS;C:\WINDOWS\System32\Wbem;C:\WINDOWS\System32\WindowsPowerShell\v1.0\;C:\Program Files\Intel\Intel(R) Management Engine Components\DAL;C:\Program Files\Intel\Intel(R) Management Engine Components\IPT;C:\Program Files (x86)\Intel\Intel(R) Management Engine Components\DAL;C:\Program Files (x86)\Intel\Intel(R) Management Engine Components\IPT;C:\Program Files (x86)\ATI Technologies\ATI.ACE\Core-Static;C:\Program Files\Microsoft SQL Server\110\Tools\Binn\;C:\Program Files (x86)\Heroku\bin;C:\Program Files (x86)\git\cmd;C:\Program Files (x86)\Common Files\HP\Digital Imaging\bin;C:\Program Files (x86)\HP\Digital Imaging\bin\;C:\Program Files (x86)\HP\Digital Imaging\bin\Qt\Qt 4.3.3;C:\Program Files (x86)\Windows Live\Shared;C:\Program Files (x86)\Dr. Memory\bin;C:\Program Files (x86)\AMD\ATI.ACE\Core-Static;C:\Program Files (x86)\Windows Kits\8.1\Windows Performance Toolkit\;C:\Program Files (x86)\Microsoft SDKs\TypeScript\1.0\;C:\Program Files\Microsoft SQL Server\120\Tools\Binn\;C:\ProgramData\ComposerSetup\bin;R:\Program Files\Google\Cloud SDK\google-cloud-sdk\bin;C:\Program Files (x86)\Git\cmd;C:\Ruby22\bin;C:\Program Files (x86)\QuickTime\QTSystem\;R:\Program Files (x86)\VirtualBox\;R:\Program Files (x86)\Vagrant\bin;R:\CMDer\vendor\msysgit\bin;R:\rsync\;C:\Program Files\PostgreSQL\9.4\bin\;R:\opencv\build\x64\vc12\bin\;R:\Python27\;R:\Python34\;C:\Program Files (x86)\Skype\Phone\;C:\Program Files\nodejs\;R:\RailsInstaller\Ruby2.0.0\bin;R:\Documents\GitHub\cocos2d\templates;R:\Documents\GitHub\cocos2d\tools\cocos2d-console\bin;R:\RailsInstaller\Git\cmd;R:\RailsInstaller\Ruby1.9.3\bin;R:\SteamLibrary\SteamApps\common\Team Fortress 2\bin;R:\Python34;R:\cygwin;R:\CMDer;R:\Documents\GitHub\PyBrain;C:\Users\Rudhra\AppData\Local\.meteor;C:\Program Files\nodejs\;R:\texlive\2015\bin\win32;C:\Users\Rudhra\AppData\Local\.meteor\;R:\Program Files (x86)\VirtualBox\;R:\Program Files (x86)\Vagrant\bin;R:\CMDer\vendor\msysgit\bin;C:\Users\Rudhra\AppData\Roaming\npm;C:\Program Files\Docker Toolbox;R:\Dupemerge
10 verbose lifecycle showerify@0.0.1~start: CWD: R:\Documents\GitHub\showerify
11 silly lifecycle showerify@0.0.1~start: Args: [ '/d /s /c', 'node index.js' ]
12 silly lifecycle showerify@0.0.1~start: Returned: code: 1  signal: null
13 info lifecycle showerify@0.0.1~start: Failed to exec start script
14 verbose stack Error: showerify@0.0.1 start: `node index.js`
14 verbose stack Exit status 1
14 verbose stack     at EventEmitter.<anonymous> (C:\Program Files\nodejs\node_modules\npm\lib\utils\lifecycle.js:239:16)
14 verbose stack     at emitTwo (events.js:87:13)
14 verbose stack     at EventEmitter.emit (events.js:172:7)
14 verbose stack     at ChildProcess.<anonymous> (C:\Program Files\nodejs\node_modules\npm\lib\utils\spawn.js:24:14)
14 verbose stack     at emitTwo (events.js:87:13)
14 verbose stack     at ChildProcess.emit (events.js:172:7)
14 verbose stack     at maybeClose (internal/child_process.js:821:16)
14 verbose stack     at Process.ChildProcess._handle.onexit (internal/child_process.js:211:5)
15 verbose pkgid showerify@0.0.1
16 verbose cwd R:\Documents\GitHub\showerify
17 error Windows_NT 10.0.10586
18 error argv "C:\\Program Files\\nodejs\\node.exe" "C:\\Program Files\\nodejs\\node_modules\\npm\\bin\\npm-cli.js" "start"
19 error node v4.2.5
20 error npm  v3.7.5
21 error code ELIFECYCLE
22 error showerify@0.0.1 start: `node index.js`
22 error Exit status 1
23 error Failed at the showerify@0.0.1 start script 'node index.js'.
23 error Make sure you have the latest version of node.js and npm installed.
23 error If you do, this is most likely a problem with the showerify package,
23 error not with npm itself.
23 error Tell the author that this fails on your system:
23 error     node index.js
23 error You can get information on how to open an issue for this project with:
23 error     npm bugs showerify
23 error Or if that isn't available, you can get their info via:
23 error     npm owner ls showerify
23 error There is likely additional logging output above.
24 verbose exit [ 1, true ]
